2021-10-12 02:41:29.685  INFO 16163 --- [main] com.admin.stock.StockApplication         : Starting StockApplication using Java 15.0.1 on Air-Muhtar with PID 16163 (/Users/mukhtar/Downloads/stock 2/target/classes started by mukhtar in /Users/mukhtar/Downloads/stock 2)
2021-10-12 02:41:29.690  INFO 16163 --- [main] com.admin.stock.StockApplication         : No active profile set, falling back to default profiles: default
2021-10-12 02:41:32.835  INFO 16163 --- [main] o.s.b.w.embedded.tomcat.TomcatWebServer  : Tomcat initialized with port(s): 8081 (http)
2021-10-12 02:41:32.869  INFO 16163 --- [main] o.apache.catalina.core.StandardService   : Starting service [Tomcat]
2021-10-12 02:41:32.870  INFO 16163 --- [main] org.apache.catalina.core.StandardEngine  : Starting Servlet engine: [Apache Tomcat/9.0.53]
2021-10-12 02:41:33.030  INFO 16163 --- [main] o.a.c.c.C.[Tomcat].[localhost].[/]       : Initializing Spring embedded WebApplicationContext
2021-10-12 02:41:33.030  INFO 16163 --- [main] w.s.c.ServletWebServerApplicationContext : Root WebApplicationContext: initialization completed in 3190 ms
2021-10-12 02:41:33.774  WARN 16163 --- [main] ion$DefaultTemplateResolverConfiguration : Cannot find template location: classpath:/templates/ (please add some templates or check your Thymeleaf configuration)
2021-10-12 02:41:35.711  INFO 16163 --- [main] o.s.b.a.e.web.EndpointLinksResolver      : Exposing 14 endpoint(s) beneath base path '/actuator'
2021-10-12 02:41:35.861  INFO 16163 --- [main] o.s.b.w.embedded.tomcat.TomcatWebServer  : Tomcat started on port(s): 8081 (http) with context path ''
2021-10-12 02:41:35.891  INFO 16163 --- [main] com.admin.stock.StockApplication         : Started StockApplication in 7.08 seconds (JVM running for 9.895)
2021-10-12 02:41:36.120  WARN 16163 --- [registrationTask1] d.c.b.a.c.r.ApplicationRegistrator       : Failed to register application as Application(name=Stock Admin, managementUrl=http://air-muhtar:8081/actuator, healthUrl=http://air-muhtar:8081/actuator/health, serviceUrl=http://air-muhtar:8081/) at spring-boot-admin ([http://localhost:8080/instances]): I/O error on POST request for "http://localhost:8080/instances": Connect to localhost:8080 [localhost/127.0.0.1, localhost/0:0:0:0:0:0:0:1] failed: Connection refused; nested exception is org.apache.http.conn.HttpHostConnectException: Connect to localhost:8080 [localhost/127.0.0.1, localhost/0:0:0:0:0:0:0:1] failed: Connection refused. Further attempts are logged on DEBUG level
2021-10-12 02:41:52.976  INFO 16163 --- [http-nio-8081-exec-1] o.a.c.c.C.[Tomcat].[localhost].[/]       : Initializing Spring DispatcherServlet 'dispatcherServlet'
2021-10-12 02:41:52.977  INFO 16163 --- [http-nio-8081-exec-1] o.s.web.servlet.DispatcherServlet        : Initializing Servlet 'dispatcherServlet'
2021-10-12 02:41:52.979  INFO 16163 --- [http-nio-8081-exec-1] o.s.web.servlet.DispatcherServlet        : Completed initialization in 1 ms
2021-10-12 02:44:12.192  INFO 16197 --- [main] com.admin.stock.StockApplication         : Starting StockApplication using Java 15.0.1 on Air-Muhtar with PID 16197 (/Users/mukhtar/Downloads/stock 2/target/classes started by mukhtar in /Users/mukhtar/Downloads/stock 2)
2021-10-12 02:44:12.195  INFO 16197 --- [main] com.admin.stock.StockApplication         : No active profile set, falling back to default profiles: default
2021-10-12 02:44:14.714  INFO 16197 --- [main] o.s.b.w.embedded.tomcat.TomcatWebServer  : Tomcat initialized with port(s): 8080 (http)
2021-10-12 02:44:14.733  INFO 16197 --- [main] o.apache.catalina.core.StandardService   : Starting service [Tomcat]
2021-10-12 02:44:14.734  INFO 16197 --- [main] org.apache.catalina.core.StandardEngine  : Starting Servlet engine: [Apache Tomcat/9.0.53]
2021-10-12 02:44:14.853  INFO 16197 --- [main] o.a.c.c.C.[Tomcat].[localhost].[/]       : Initializing Spring embedded WebApplicationContext
2021-10-12 02:44:14.853  INFO 16197 --- [main] w.s.c.ServletWebServerApplicationContext : Root WebApplicationContext: initialization completed in 2529 ms
2021-10-12 02:44:15.765  WARN 16197 --- [main] ion$DefaultTemplateResolverConfiguration : Cannot find template location: classpath:/templates/ (please add some templates or check your Thymeleaf configuration)
2021-10-12 02:44:17.474  INFO 16197 --- [main] o.s.b.a.e.web.EndpointLinksResolver      : Exposing 14 endpoint(s) beneath base path '/actuator'
2021-10-12 02:44:17.532  INFO 16197 --- [main] o.s.b.w.embedded.tomcat.TomcatWebServer  : Tomcat started on port(s): 8080 (http) with context path ''
2021-10-12 02:44:17.557  INFO 16197 --- [main] com.admin.stock.StockApplication         : Started StockApplication in 6.013 seconds (JVM running for 7.249)
2021-10-12 02:44:17.861  INFO 16197 --- [http-nio-8080-exec-2] o.a.c.c.C.[Tomcat].[localhost].[/]       : Initializing Spring DispatcherServlet 'dispatcherServlet'
2021-10-12 02:44:17.863  INFO 16197 --- [http-nio-8080-exec-2] o.s.web.servlet.DispatcherServlet        : Initializing Servlet 'dispatcherServlet'
2021-10-12 02:44:17.867  INFO 16197 --- [http-nio-8080-exec-2] o.s.web.servlet.DispatcherServlet        : Completed initialization in 4 ms
2021-10-12 02:44:18.302  INFO 16197 --- [registrationTask1] d.c.b.a.c.r.ApplicationRegistrator       : Application registered itself as ae597d270815
2021-10-12 05:28:46.394  INFO 16197 --- [reactor-http-nio-1] d.c.b.a.server.services.StatusUpdater    : Couldn't retrieve status for Instance(id=ae597d270815, version=2, registration=Registration(name=Stock Admin, managementUrl=http://air-muhtar:8080/actuator, healthUrl=http://air-muhtar:8080/actuator/health, serviceUrl=http://air-muhtar:8080/, source=http-api), registered=true, statusInfo=StatusInfo(status=UP, details={diskSpace={status=UP, details={total=121123069952, free=6222749696, threshold=10485760, exists=true}}, ping={status=UP}}), statusTimestamp=2021-10-11T20:44:18.576449Z, info=Info(values={}), endpoints=Endpoints(endpoints={caches=Endpoint(id=caches, url=http://air-muhtar:8080/actuator/caches), loggers=Endpoint(id=loggers, url=http://air-muhtar:8080/actuator/loggers), logfile=Endpoint(id=logfile, url=http://air-muhtar:8080/actuator/logfile), health=Endpoint(id=health, url=http://air-muhtar:8080/actuator/health), env=Endpoint(id=env, url=http://air-muhtar:8080/actuator/env), heapdump=Endpoint(id=heapdump, url=http://air-muhtar:8080/actuator/heapdump), scheduledtasks=Endpoint(id=scheduledtasks, url=http://air-muhtar:8080/actuator/scheduledtasks), mappings=Endpoint(id=mappings, url=http://air-muhtar:8080/actuator/mappings), beans=Endpoint(id=beans, url=http://air-muhtar:8080/actuator/beans), configprops=Endpoint(id=configprops, url=http://air-muhtar:8080/actuator/configprops), threaddump=Endpoint(id=threaddump, url=http://air-muhtar:8080/actuator/threaddump), metrics=Endpoint(id=metrics, url=http://air-muhtar:8080/actuator/metrics), conditions=Endpoint(id=conditions, url=http://air-muhtar:8080/actuator/conditions), info=Endpoint(id=info, url=http://air-muhtar:8080/actuator/info)}), buildVersion=null, tags=Tags(values={}))

org.springframework.web.reactive.function.client.WebClientRequestException: failed to resolve 'air-muhtar'; nested exception is java.net.UnknownHostException: failed to resolve 'air-muhtar'
	at org.springframework.web.reactive.function.client.ExchangeFunctions$DefaultExchangeFunction.lambda$wrapException$9(ExchangeFunctions.java:141) ~[spring-webflux-5.3.10.jar:5.3.10]
	Suppressed: reactor.core.publisher.FluxOnAssembly$OnAssemblyException: 
Error has been observed at the following site(s):
	|_ checkpoint ⇢ Request to GET health [DefaultWebClient]
Stack trace:
		at org.springframework.web.reactive.function.client.ExchangeFunctions$DefaultExchangeFunction.lambda$wrapException$9(ExchangeFunctions.java:141) ~[spring-webflux-5.3.10.jar:5.3.10]
		at reactor.core.publisher.MonoErrorSupplied.subscribe(MonoErrorSupplied.java:55) ~[reactor-core-3.4.10.jar:3.4.10]
		at reactor.core.publisher.Mono.subscribe(Mono.java:4361) ~[reactor-core-3.4.10.jar:3.4.10]
		at reactor.core.publisher.FluxOnErrorResume$ResumeSubscriber.onError(FluxOnErrorResume.java:103) ~[reactor-core-3.4.10.jar:3.4.10]
		at reactor.core.publisher.FluxPeek$PeekSubscriber.onError(FluxPeek.java:222) ~[reactor-core-3.4.10.jar:3.4.10]
		at reactor.core.publisher.FluxPeek$PeekSubscriber.onError(FluxPeek.java:222) ~[reactor-core-3.4.10.jar:3.4.10]
		at reactor.core.publisher.FluxPeek$PeekSubscriber.onError(FluxPeek.java:222) ~[reactor-core-3.4.10.jar:3.4.10]
		at reactor.core.publisher.MonoNext$NextSubscriber.onError(MonoNext.java:93) ~[reactor-core-3.4.10.jar:3.4.10]
		at reactor.core.publisher.MonoFlatMapMany$FlatMapManyMain.onError(MonoFlatMapMany.java:204) ~[reactor-core-3.4.10.jar:3.4.10]
		at reactor.core.publisher.SerializedSubscriber.onError(SerializedSubscriber.java:124) ~[reactor-core-3.4.10.jar:3.4.10]
		at reactor.core.publisher.FluxRetryWhen$RetryWhenMainSubscriber.whenError(FluxRetryWhen.java:225) ~[reactor-core-3.4.10.jar:3.4.10]
		at reactor.core.publisher.FluxRetryWhen$RetryWhenOtherSubscriber.onError(FluxRetryWhen.java:274) ~[reactor-core-3.4.10.jar:3.4.10]
		at reactor.core.publisher.FluxConcatMap$ConcatMapImmediate.drain(FluxConcatMap.java:414) ~[reactor-core-3.4.10.jar:3.4.10]
		at reactor.core.publisher.FluxConcatMap$ConcatMapImmediate.onNext(FluxConcatMap.java:251) ~[reactor-core-3.4.10.jar:3.4.10]
		at reactor.core.publisher.EmitterProcessor.drain(EmitterProcessor.java:491) ~[reactor-core-3.4.10.jar:3.4.10]
		at reactor.core.publisher.EmitterProcessor.tryEmitNext(EmitterProcessor.java:299) ~[reactor-core-3.4.10.jar:3.4.10]
		at reactor.core.publisher.SinkManySerialized.tryEmitNext(SinkManySerialized.java:100) ~[reactor-core-3.4.10.jar:3.4.10]
		at reactor.core.publisher.InternalManySink.emitNext(InternalManySink.java:27) ~[reactor-core-3.4.10.jar:3.4.10]
		at reactor.core.publisher.FluxRetryWhen$RetryWhenMainSubscriber.onError(FluxRetryWhen.java:190) ~[reactor-core-3.4.10.jar:3.4.10]
		at reactor.core.publisher.MonoCreate$DefaultMonoSink.error(MonoCreate.java:189) ~[reactor-core-3.4.10.jar:3.4.10]
		at reactor.netty.http.client.HttpClientConnect$MonoHttpConnect$ClientTransportSubscriber.onError(HttpClientConnect.java:304) ~[reactor-netty-http-1.0.11.jar:1.0.11]
		at reactor.core.publisher.MonoCreate$DefaultMonoSink.error(MonoCreate.java:189) ~[reactor-core-3.4.10.jar:3.4.10]
		at reactor.netty.resources.DefaultPooledConnectionProvider$DisposableAcquire.onError(DefaultPooledConnectionProvider.java:172) ~[reactor-netty-core-1.0.11.jar:1.0.11]
		at reactor.netty.internal.shaded.reactor.pool.AbstractPool$Borrower.fail(AbstractPool.java:445) ~[reactor-netty-core-1.0.11.jar:1.0.11]
		at reactor.netty.internal.shaded.reactor.pool.SimpleDequePool.lambda$drainLoop$9(SimpleDequePool.java:400) ~[reactor-netty-core-1.0.11.jar:1.0.11]
		at reactor.core.publisher.FluxDoOnEach$DoOnEachSubscriber.onError(FluxDoOnEach.java:186) ~[reactor-core-3.4.10.jar:3.4.10]
		at reactor.core.publisher.MonoCreate$DefaultMonoSink.error(MonoCreate.java:189) ~[reactor-core-3.4.10.jar:3.4.10]
		at reactor.netty.resources.DefaultPooledConnectionProvider$PooledConnectionAllocator$PooledConnectionInitializer.onError(DefaultPooledConnectionProvider.java:554) ~[reactor-netty-core-1.0.11.jar:1.0.11]
		at reactor.core.publisher.MonoFlatMap$FlatMapMain.secondError(MonoFlatMap.java:192) ~[reactor-core-3.4.10.jar:3.4.10]
		at reactor.core.publisher.MonoFlatMap$FlatMapInner.onError(MonoFlatMap.java:259) ~[reactor-core-3.4.10.jar:3.4.10]
		at reactor.core.publisher.FluxOnErrorResume$ResumeSubscriber.onError(FluxOnErrorResume.java:106) ~[reactor-core-3.4.10.jar:3.4.10]
		at reactor.core.publisher.Operators.error(Operators.java:198) ~[reactor-core-3.4.10.jar:3.4.10]
		at reactor.core.publisher.MonoError.subscribe(MonoError.java:53) ~[reactor-core-3.4.10.jar:3.4.10]
		at reactor.core.publisher.Mono.subscribe(Mono.java:4361) ~[reactor-core-3.4.10.jar:3.4.10]
		at reactor.core.publisher.FluxOnErrorResume$ResumeSubscriber.onError(FluxOnErrorResume.java:103) ~[reactor-core-3.4.10.jar:3.4.10]
		at reactor.core.publisher.Operators.error(Operators.java:198) ~[reactor-core-3.4.10.jar:3.4.10]
		at reactor.core.publisher.MonoError.subscribe(MonoError.java:53) ~[reactor-core-3.4.10.jar:3.4.10]
		at reactor.core.publisher.InternalMonoOperator.subscribe(InternalMonoOperator.java:64) ~[reactor-core-3.4.10.jar:3.4.10]
		at reactor.core.publisher.MonoFlatMap$FlatMapMain.onNext(MonoFlatMap.java:157) ~[reactor-core-3.4.10.jar:3.4.10]
		at reactor.netty.transport.TransportConnector$MonoChannelPromise._subscribe(TransportConnector.java:579) ~[reactor-netty-core-1.0.11.jar:1.0.11]
		at reactor.netty.transport.TransportConnector$MonoChannelPromise.subscribe(TransportConnector.java:496) ~[reactor-netty-core-1.0.11.jar:1.0.11]
		at reactor.core.publisher.InternalMonoOperator.subscribe(InternalMonoOperator.java:64) ~[reactor-core-3.4.10.jar:3.4.10]
		at reactor.netty.resources.DefaultPooledConnectionProvider$PooledConnectionAllocator.lambda$connectChannel$0(DefaultPooledConnectionProvider.java:516) ~[reactor-netty-core-1.0.11.jar:1.0.11]
		at reactor.core.publisher.MonoCreate.subscribe(MonoCreate.java:57) ~[reactor-core-3.4.10.jar:3.4.10]
		at reactor.core.publisher.Mono.subscribe(Mono.java:4361) ~[reactor-core-3.4.10.jar:3.4.10]
		at reactor.core.publisher.Mono.subscribeWith(Mono.java:4476) ~[reactor-core-3.4.10.jar:3.4.10]
		at reactor.core.publisher.Mono.subscribe(Mono.java:4332) ~[reactor-core-3.4.10.jar:3.4.10]
		at reactor.core.publisher.Mono.subscribe(Mono.java:4268) ~[reactor-core-3.4.10.jar:3.4.10]
		at reactor.netty.internal.shaded.reactor.pool.SimpleDequePool.drainLoop(SimpleDequePool.java:406) ~[reactor-netty-core-1.0.11.jar:1.0.11]
		at reactor.netty.internal.shaded.reactor.pool.SimpleDequePool.pendingOffer(SimpleDequePool.java:557) ~[reactor-netty-core-1.0.11.jar:1.0.11]
		at reactor.netty.internal.shaded.reactor.pool.SimpleDequePool.doAcquire(SimpleDequePool.java:267) ~[reactor-netty-core-1.0.11.jar:1.0.11]
		at reactor.netty.internal.shaded.reactor.pool.AbstractPool$Borrower.request(AbstractPool.java:400) ~[reactor-netty-core-1.0.11.jar:1.0.11]
		at reactor.netty.resources.DefaultPooledConnectionProvider$DisposableAcquire.onSubscribe(DefaultPooledConnectionProvider.java:212) ~[reactor-netty-core-1.0.11.jar:1.0.11]
		at reactor.netty.internal.shaded.reactor.pool.SimpleDequePool$QueueBorrowerMono.subscribe(SimpleDequePool.java:675) ~[reactor-netty-core-1.0.11.jar:1.0.11]
		at reactor.netty.resources.DefaultPooledConnectionProvider$DisposableAcquire.run(DefaultPooledConnectionProvider.java:240) ~[reactor-netty-core-1.0.11.jar:1.0.11]
		at io.netty.util.concurrent.AbstractEventExecutor.safeExecute(AbstractEventExecutor.java:164) ~[netty-common-4.1.68.Final.jar:4.1.68.Final]
		at io.netty.util.concurrent.SingleThreadEventExecutor.runAllTasks(SingleThreadEventExecutor.java:469) ~[netty-common-4.1.68.Final.jar:4.1.68.Final]
		at io.netty.channel.nio.NioEventLoop.run(NioEventLoop.java:497) ~[netty-transport-4.1.68.Final.jar:4.1.68.Final]
		at io.netty.util.concurrent.SingleThreadEventExecutor$4.run(SingleThreadEventExecutor.java:986) ~[netty-common-4.1.68.Final.jar:4.1.68.Final]
		at io.netty.util.internal.ThreadExecutorMap$2.run(ThreadExecutorMap.java:74) ~[netty-common-4.1.68.Final.jar:4.1.68.Final]
		at io.netty.util.concurrent.FastThreadLocalRunnable.run(FastThreadLocalRunnable.java:30) ~[netty-common-4.1.68.Final.jar:4.1.68.Final]
		at java.base/java.lang.Thread.run(Thread.java:832) ~[na:na]
Caused by: java.net.UnknownHostException: failed to resolve 'air-muhtar'
	at io.netty.resolver.dns.DnsResolveContext.finishResolve(DnsResolveContext.java:1046) ~[netty-resolver-dns-4.1.68.Final.jar:4.1.68.Final]
	at io.netty.resolver.dns.DnsResolveContext.tryToFinishResolve(DnsResolveContext.java:999) ~[netty-resolver-dns-4.1.68.Final.jar:4.1.68.Final]
	at io.netty.resolver.dns.DnsResolveContext.query(DnsResolveContext.java:417) ~[netty-resolver-dns-4.1.68.Final.jar:4.1.68.Final]
	at io.netty.resolver.dns.DnsResolveContext.access$600(DnsResolveContext.java:65) ~[netty-resolver-dns-4.1.68.Final.jar:4.1.68.Final]
	at io.netty.resolver.dns.DnsResolveContext$2.operationComplete(DnsResolveContext.java:466) ~[netty-resolver-dns-4.1.68.Final.jar:4.1.68.Final]
	at io.netty.util.concurrent.DefaultPromise.notifyListener0(DefaultPromise.java:578) ~[netty-common-4.1.68.Final.jar:4.1.68.Final]
	at io.netty.util.concurrent.DefaultPromise.notifyListeners0(DefaultPromise.java:571) ~[netty-common-4.1.68.Final.jar:4.1.68.Final]
	at io.netty.util.concurrent.DefaultPromise.notifyListenersNow(DefaultPromise.java:550) ~[netty-common-4.1.68.Final.jar:4.1.68.Final]
	at io.netty.util.concurrent.DefaultPromise.notifyListeners(DefaultPromise.java:491) ~[netty-common-4.1.68.Final.jar:4.1.68.Final]
	at io.netty.util.concurrent.DefaultPromise.setValue0(DefaultPromise.java:616) ~[netty-common-4.1.68.Final.jar:4.1.68.Final]
	at io.netty.util.concurrent.DefaultPromise.setFailure0(DefaultPromise.java:609) ~[netty-common-4.1.68.Final.jar:4.1.68.Final]
	at io.netty.util.concurrent.DefaultPromise.tryFailure(DefaultPromise.java:117) ~[netty-common-4.1.68.Final.jar:4.1.68.Final]
	at io.netty.resolver.dns.DnsQueryContext.tryFailure(DnsQueryContext.java:224) ~[netty-resolver-dns-4.1.68.Final.jar:4.1.68.Final]
	at io.netty.resolver.dns.DnsQueryContext.onQueryWriteCompletion(DnsQueryContext.java:161) ~[netty-resolver-dns-4.1.68.Final.jar:4.1.68.Final]
	at io.netty.resolver.dns.DnsQueryContext.access$200(DnsQueryContext.java:41) ~[netty-resolver-dns-4.1.68.Final.jar:4.1.68.Final]
	at io.netty.resolver.dns.DnsQueryContext$3.operationComplete(DnsQueryContext.java:153) ~[netty-resolver-dns-4.1.68.Final.jar:4.1.68.Final]
	at io.netty.resolver.dns.DnsQueryContext$3.operationComplete(DnsQueryContext.java:150) ~[netty-resolver-dns-4.1.68.Final.jar:4.1.68.Final]
	at io.netty.util.concurrent.DefaultPromise.notifyListener0(DefaultPromise.java:578) ~[netty-common-4.1.68.Final.jar:4.1.68.Final]
	at io.netty.util.concurrent.DefaultPromise.notifyListenersNow(DefaultPromise.java:552) ~[netty-common-4.1.68.Final.jar:4.1.68.Final]
	at io.netty.util.concurrent.DefaultPromise.notifyListeners(DefaultPromise.java:491) ~[netty-common-4.1.68.Final.jar:4.1.68.Final]
	at io.netty.util.concurrent.DefaultPromise.setValue0(DefaultPromise.java:616) ~[netty-common-4.1.68.Final.jar:4.1.68.Final]
	at io.netty.util.concurrent.DefaultPromise.setFailure0(DefaultPromise.java:609) ~[netty-common-4.1.68.Final.jar:4.1.68.Final]
	at io.netty.util.concurrent.DefaultPromise.tryFailure(DefaultPromise.java:117) ~[netty-common-4.1.68.Final.jar:4.1.68.Final]
	at io.netty.util.internal.PromiseNotificationUtil.tryFailure(PromiseNotificationUtil.java:64) ~[netty-common-4.1.68.Final.jar:4.1.68.Final]
	at io.netty.channel.ChannelOutboundBuffer.safeFail(ChannelOutboundBuffer.java:723) ~[netty-transport-4.1.68.Final.jar:4.1.68.Final]
	at io.netty.channel.ChannelOutboundBuffer.remove0(ChannelOutboundBuffer.java:308) ~[netty-transport-4.1.68.Final.jar:4.1.68.Final]
	at io.netty.channel.ChannelOutboundBuffer.remove(ChannelOutboundBuffer.java:288) ~[netty-transport-4.1.68.Final.jar:4.1.68.Final]
	at io.netty.channel.nio.AbstractNioMessageChannel.doWrite(AbstractNioMessageChannel.java:158) ~[netty-transport-4.1.68.Final.jar:4.1.68.Final]
	at io.netty.channel.AbstractChannel$AbstractUnsafe.flush0(AbstractChannel.java:949) ~[netty-transport-4.1.68.Final.jar:4.1.68.Final]
	at io.netty.channel.nio.AbstractNioChannel$AbstractNioUnsafe.flush0(AbstractNioChannel.java:354) ~[netty-transport-4.1.68.Final.jar:4.1.68.Final]
	at io.netty.channel.AbstractChannel$AbstractUnsafe.flush(AbstractChannel.java:913) ~[netty-transport-4.1.68.Final.jar:4.1.68.Final]
	at io.netty.channel.DefaultChannelPipeline$HeadContext.flush(DefaultChannelPipeline.java:1372) ~[netty-transport-4.1.68.Final.jar:4.1.68.Final]
	at io.netty.channel.AbstractChannelHandlerContext.invokeFlush0(AbstractChannelHandlerContext.java:750) ~[netty-transport-4.1.68.Final.jar:4.1.68.Final]
	at io.netty.channel.AbstractChannelHandlerContext.invokeFlush(AbstractChannelHandlerContext.java:742) ~[netty-transport-4.1.68.Final.jar:4.1.68.Final]
	at io.netty.channel.AbstractChannelHandlerContext.flush(AbstractChannelHandlerContext.java:728) ~[netty-transport-4.1.68.Final.jar:4.1.68.Final]
	at io.netty.channel.DefaultChannelPipeline.flush(DefaultChannelPipeline.java:967) ~[netty-transport-4.1.68.Final.jar:4.1.68.Final]
	at io.netty.channel.AbstractChannel.flush(AbstractChannel.java:254) ~[netty-transport-4.1.68.Final.jar:4.1.68.Final]
	at io.netty.resolver.dns.DnsNameResolver.flushQueries(DnsNameResolver.java:1244) ~[netty-resolver-dns-4.1.68.Final.jar:4.1.68.Final]
	at io.netty.resolver.dns.DnsResolveContext.internalResolve(DnsResolveContext.java:360) ~[netty-resolver-dns-4.1.68.Final.jar:4.1.68.Final]
	at io.netty.resolver.dns.DnsResolveContext.resolve(DnsResolveContext.java:214) ~[netty-resolver-dns-4.1.68.Final.jar:4.1.68.Final]
	at io.netty.resolver.dns.DnsNameResolver.doResolveAllUncached0(DnsNameResolver.java:1145) ~[netty-resolver-dns-4.1.68.Final.jar:4.1.68.Final]
	at io.netty.resolver.dns.DnsNameResolver.doResolveAllUncached(DnsNameResolver.java:1118) ~[netty-resolver-dns-4.1.68.Final.jar:4.1.68.Final]
	at io.netty.resolver.dns.DnsNameResolver.doResolveAll(DnsNameResolver.java:1067) ~[netty-resolver-dns-4.1.68.Final.jar:4.1.68.Final]
	at io.netty.resolver.dns.DnsNameResolver.doResolveAll(DnsNameResolver.java:1035) ~[netty-resolver-dns-4.1.68.Final.jar:4.1.68.Final]
	at io.netty.resolver.SimpleNameResolver.resolveAll(SimpleNameResolver.java:79) ~[netty-resolver-4.1.68.Final.jar:4.1.68.Final]
	at io.netty.resolver.dns.InflightNameResolver.resolve(InflightNameResolver.java:96) ~[netty-resolver-dns-4.1.68.Final.jar:4.1.68.Final]
	at io.netty.resolver.dns.InflightNameResolver.resolveAll(InflightNameResolver.java:71) ~[netty-resolver-dns-4.1.68.Final.jar:4.1.68.Final]
	at io.netty.resolver.dns.InflightNameResolver.resolveAll(InflightNameResolver.java:56) ~[netty-resolver-dns-4.1.68.Final.jar:4.1.68.Final]
	at io.netty.resolver.InetSocketAddressResolver.doResolveAll(InetSocketAddressResolver.java:73) ~[netty-resolver-4.1.68.Final.jar:4.1.68.Final]
	at io.netty.resolver.InetSocketAddressResolver.doResolveAll(InetSocketAddressResolver.java:31) ~[netty-resolver-4.1.68.Final.jar:4.1.68.Final]
	at io.netty.resolver.AbstractAddressResolver.resolveAll(AbstractAddressResolver.java:158) ~[netty-resolver-4.1.68.Final.jar:4.1.68.Final]
	at reactor.netty.transport.TransportConnector.doResolveAndConnect(TransportConnector.java:283) ~[reactor-netty-core-1.0.11.jar:1.0.11]
	at reactor.netty.transport.TransportConnector.lambda$connect$6(TransportConnector.java:110) ~[reactor-netty-core-1.0.11.jar:1.0.11]
	at reactor.core.publisher.MonoFlatMap$FlatMapMain.onNext(MonoFlatMap.java:125) ~[reactor-core-3.4.10.jar:3.4.10]
	at reactor.netty.transport.TransportConnector$MonoChannelPromise._subscribe(TransportConnector.java:579) ~[reactor-netty-core-1.0.11.jar:1.0.11]
	at reactor.netty.transport.TransportConnector$MonoChannelPromise.subscribe(TransportConnector.java:496) ~[reactor-netty-core-1.0.11.jar:1.0.11]
	at reactor.core.publisher.InternalMonoOperator.subscribe(InternalMonoOperator.java:64) ~[reactor-core-3.4.10.jar:3.4.10]
	at reactor.netty.resources.DefaultPooledConnectionProvider$PooledConnectionAllocator.lambda$connectChannel$0(DefaultPooledConnectionProvider.java:516) ~[reactor-netty-core-1.0.11.jar:1.0.11]
	at reactor.core.publisher.MonoCreate.subscribe(MonoCreate.java:57) ~[reactor-core-3.4.10.jar:3.4.10]
	at reactor.core.publisher.Mono.subscribe(Mono.java:4361) ~[reactor-core-3.4.10.jar:3.4.10]
	at reactor.core.publisher.Mono.subscribeWith(Mono.java:4476) ~[reactor-core-3.4.10.jar:3.4.10]
	at reactor.core.publisher.Mono.subscribe(Mono.java:4332) ~[reactor-core-3.4.10.jar:3.4.10]
	at reactor.core.publisher.Mono.subscribe(Mono.java:4268) ~[reactor-core-3.4.10.jar:3.4.10]
	at reactor.netty.internal.shaded.reactor.pool.SimpleDequePool.drainLoop(SimpleDequePool.java:406) ~[reactor-netty-core-1.0.11.jar:1.0.11]
	at reactor.netty.internal.shaded.reactor.pool.SimpleDequePool.pendingOffer(SimpleDequePool.java:557) ~[reactor-netty-core-1.0.11.jar:1.0.11]
	at reactor.netty.internal.shaded.reactor.pool.SimpleDequePool.doAcquire(SimpleDequePool.java:267) ~[reactor-netty-core-1.0.11.jar:1.0.11]
	at reactor.netty.internal.shaded.reactor.pool.AbstractPool$Borrower.request(AbstractPool.java:400) ~[reactor-netty-core-1.0.11.jar:1.0.11]
	at reactor.netty.resources.DefaultPooledConnectionProvider$DisposableAcquire.onSubscribe(DefaultPooledConnectionProvider.java:212) ~[reactor-netty-core-1.0.11.jar:1.0.11]
	at reactor.netty.internal.shaded.reactor.pool.SimpleDequePool$QueueBorrowerMono.subscribe(SimpleDequePool.java:675) ~[reactor-netty-core-1.0.11.jar:1.0.11]
	at reactor.netty.resources.DefaultPooledConnectionProvider$DisposableAcquire.run(DefaultPooledConnectionProvider.java:240) ~[reactor-netty-core-1.0.11.jar:1.0.11]
	at io.netty.util.concurrent.AbstractEventExecutor.safeExecute(AbstractEventExecutor.java:164) ~[netty-common-4.1.68.Final.jar:4.1.68.Final]
	at io.netty.util.concurrent.SingleThreadEventExecutor.runAllTasks(SingleThreadEventExecutor.java:469) ~[netty-common-4.1.68.Final.jar:4.1.68.Final]
	at io.netty.channel.nio.NioEventLoop.run(NioEventLoop.java:497) ~[netty-transport-4.1.68.Final.jar:4.1.68.Final]
	at io.netty.util.concurrent.SingleThreadEventExecutor$4.run(SingleThreadEventExecutor.java:986) ~[netty-common-4.1.68.Final.jar:4.1.68.Final]
	at io.netty.util.internal.ThreadExecutorMap$2.run(ThreadExecutorMap.java:74) ~[netty-common-4.1.68.Final.jar:4.1.68.Final]
	at io.netty.util.concurrent.FastThreadLocalRunnable.run(FastThreadLocalRunnable.java:30) ~[netty-common-4.1.68.Final.jar:4.1.68.Final]
	at java.base/java.lang.Thread.run(Thread.java:832) ~[na:na]
Caused by: io.netty.resolver.dns.DnsNameResolverException: [/192.168.1.1:53] failed to send a query via UDP (no stack trace available)
Caused by: java.net.SocketException: Network is down
	at java.base/sun.nio.ch.DatagramChannelImpl.send0(Native Method) ~[na:na]
	at java.base/sun.nio.ch.DatagramChannelImpl.sendFromNativeBuffer(DatagramChannelImpl.java:897) ~[na:na]
	at java.base/sun.nio.ch.DatagramChannelImpl.send(DatagramChannelImpl.java:859) ~[na:na]
	at java.base/sun.nio.ch.DatagramChannelImpl.send(DatagramChannelImpl.java:817) ~[na:na]
	at io.netty.channel.socket.nio.NioDatagramChannel.doWriteMessage(NioDatagramChannel.java:296) ~[netty-transport-4.1.68.Final.jar:4.1.68.Final]
	at io.netty.channel.nio.AbstractNioMessageChannel.doWrite(AbstractNioMessageChannel.java:143) ~[netty-transport-4.1.68.Final.jar:4.1.68.Final]
	at io.netty.channel.AbstractChannel$AbstractUnsafe.flush0(AbstractChannel.java:949) ~[netty-transport-4.1.68.Final.jar:4.1.68.Final]
	at io.netty.channel.nio.AbstractNioChannel$AbstractNioUnsafe.flush0(AbstractNioChannel.java:354) ~[netty-transport-4.1.68.Final.jar:4.1.68.Final]
	at io.netty.channel.AbstractChannel$AbstractUnsafe.flush(AbstractChannel.java:913) ~[netty-transport-4.1.68.Final.jar:4.1.68.Final]
	at io.netty.channel.DefaultChannelPipeline$HeadContext.flush(DefaultChannelPipeline.java:1372) ~[netty-transport-4.1.68.Final.jar:4.1.68.Final]
	at io.netty.channel.AbstractChannelHandlerContext.invokeFlush0(AbstractChannelHandlerContext.java:750) ~[netty-transport-4.1.68.Final.jar:4.1.68.Final]
	at io.netty.channel.AbstractChannelHandlerContext.invokeFlush(AbstractChannelHandlerContext.java:742) ~[netty-transport-4.1.68.Final.jar:4.1.68.Final]
	at io.netty.channel.AbstractChannelHandlerContext.flush(AbstractChannelHandlerContext.java:728) ~[netty-transport-4.1.68.Final.jar:4.1.68.Final]
	at io.netty.channel.DefaultChannelPipeline.flush(DefaultChannelPipeline.java:967) ~[netty-transport-4.1.68.Final.jar:4.1.68.Final]
	at io.netty.channel.AbstractChannel.flush(AbstractChannel.java:254) ~[netty-transport-4.1.68.Final.jar:4.1.68.Final]
	at io.netty.resolver.dns.DnsNameResolver.flushQueries(DnsNameResolver.java:1244) ~[netty-resolver-dns-4.1.68.Final.jar:4.1.68.Final]
	at io.netty.resolver.dns.DnsResolveContext.internalResolve(DnsResolveContext.java:360) ~[netty-resolver-dns-4.1.68.Final.jar:4.1.68.Final]
	at io.netty.resolver.dns.DnsResolveContext.resolve(DnsResolveContext.java:214) ~[netty-resolver-dns-4.1.68.Final.jar:4.1.68.Final]
	at io.netty.resolver.dns.DnsNameResolver.doResolveAllUncached0(DnsNameResolver.java:1145) ~[netty-resolver-dns-4.1.68.Final.jar:4.1.68.Final]
	at io.netty.resolver.dns.DnsNameResolver.doResolveAllUncached(DnsNameResolver.java:1118) ~[netty-resolver-dns-4.1.68.Final.jar:4.1.68.Final]
	at io.netty.resolver.dns.DnsNameResolver.doResolveAll(DnsNameResolver.java:1067) ~[netty-resolver-dns-4.1.68.Final.jar:4.1.68.Final]
	at io.netty.resolver.dns.DnsNameResolver.doResolveAll(DnsNameResolver.java:1035) ~[netty-resolver-dns-4.1.68.Final.jar:4.1.68.Final]
	at io.netty.resolver.SimpleNameResolver.resolveAll(SimpleNameResolver.java:79) ~[netty-resolver-4.1.68.Final.jar:4.1.68.Final]
	at io.netty.resolver.dns.InflightNameResolver.resolve(InflightNameResolver.java:96) ~[netty-resolver-dns-4.1.68.Final.jar:4.1.68.Final]
	at io.netty.resolver.dns.InflightNameResolver.resolveAll(InflightNameResolver.java:71) ~[netty-resolver-dns-4.1.68.Final.jar:4.1.68.Final]
	at io.netty.resolver.dns.InflightNameResolver.resolveAll(InflightNameResolver.java:56) ~[netty-resolver-dns-4.1.68.Final.jar:4.1.68.Final]
	at io.netty.resolver.InetSocketAddressResolver.doResolveAll(InetSocketAddressResolver.java:73) ~[netty-resolver-4.1.68.Final.jar:4.1.68.Final]
	at io.netty.resolver.InetSocketAddressResolver.doResolveAll(InetSocketAddressResolver.java:31) ~[netty-resolver-4.1.68.Final.jar:4.1.68.Final]
	at io.netty.resolver.AbstractAddressResolver.resolveAll(AbstractAddressResolver.java:158) ~[netty-resolver-4.1.68.Final.jar:4.1.68.Final]
	at reactor.netty.transport.TransportConnector.doResolveAndConnect(TransportConnector.java:283) ~[reactor-netty-core-1.0.11.jar:1.0.11]
	at reactor.netty.transport.TransportConnector.lambda$connect$6(TransportConnector.java:110) ~[reactor-netty-core-1.0.11.jar:1.0.11]
	at reactor.core.publisher.MonoFlatMap$FlatMapMain.onNext(MonoFlatMap.java:125) ~[reactor-core-3.4.10.jar:3.4.10]
	at reactor.netty.transport.TransportConnector$MonoChannelPromise._subscribe(TransportConnector.java:579) ~[reactor-netty-core-1.0.11.jar:1.0.11]
	at reactor.netty.transport.TransportConnector$MonoChannelPromise.subscribe(TransportConnector.java:496) ~[reactor-netty-core-1.0.11.jar:1.0.11]
	at reactor.core.publisher.InternalMonoOperator.subscribe(InternalMonoOperator.java:64) ~[reactor-core-3.4.10.jar:3.4.10]
	at reactor.netty.resources.DefaultPooledConnectionProvider$PooledConnectionAllocator.lambda$connectChannel$0(DefaultPooledConnectionProvider.java:516) ~[reactor-netty-core-1.0.11.jar:1.0.11]
	at reactor.core.publisher.MonoCreate.subscribe(MonoCreate.java:57) ~[reactor-core-3.4.10.jar:3.4.10]
	at reactor.core.publisher.Mono.subscribe(Mono.java:4361) ~[reactor-core-3.4.10.jar:3.4.10]
	at reactor.core.publisher.Mono.subscribeWith(Mono.java:4476) ~[reactor-core-3.4.10.jar:3.4.10]
	at reactor.core.publisher.Mono.subscribe(Mono.java:4332) ~[reactor-core-3.4.10.jar:3.4.10]
	at reactor.core.publisher.Mono.subscribe(Mono.java:4268) ~[reactor-core-3.4.10.jar:3.4.10]
	at reactor.netty.internal.shaded.reactor.pool.SimpleDequePool.drainLoop(SimpleDequePool.java:406) ~[reactor-netty-core-1.0.11.jar:1.0.11]
	at reactor.netty.internal.shaded.reactor.pool.SimpleDequePool.pendingOffer(SimpleDequePool.java:557) ~[reactor-netty-core-1.0.11.jar:1.0.11]
	at reactor.netty.internal.shaded.reactor.pool.SimpleDequePool.doAcquire(SimpleDequePool.java:267) ~[reactor-netty-core-1.0.11.jar:1.0.11]
	at reactor.netty.internal.shaded.reactor.pool.AbstractPool$Borrower.request(AbstractPool.java:400) ~[reactor-netty-core-1.0.11.jar:1.0.11]
	at reactor.netty.resources.DefaultPooledConnectionProvider$DisposableAcquire.onSubscribe(DefaultPooledConnectionProvider.java:212) ~[reactor-netty-core-1.0.11.jar:1.0.11]
	at reactor.netty.internal.shaded.reactor.pool.SimpleDequePool$QueueBorrowerMono.subscribe(SimpleDequePool.java:675) ~[reactor-netty-core-1.0.11.jar:1.0.11]
	at reactor.netty.resources.DefaultPooledConnectionProvider$DisposableAcquire.run(DefaultPooledConnectionProvider.java:240) ~[reactor-netty-core-1.0.11.jar:1.0.11]
	at io.netty.util.concurrent.AbstractEventExecutor.safeExecute(AbstractEventExecutor.java:164) ~[netty-common-4.1.68.Final.jar:4.1.68.Final]
	at io.netty.util.concurrent.SingleThreadEventExecutor.runAllTasks(SingleThreadEventExecutor.java:469) ~[netty-common-4.1.68.Final.jar:4.1.68.Final]
	at io.netty.channel.nio.NioEventLoop.run(NioEventLoop.java:497) ~[netty-transport-4.1.68.Final.jar:4.1.68.Final]
	at io.netty.util.concurrent.SingleThreadEventExecutor$4.run(SingleThreadEventExecutor.java:986) ~[netty-common-4.1.68.Final.jar:4.1.68.Final]
	at io.netty.util.internal.ThreadExecutorMap$2.run(ThreadExecutorMap.java:74) ~[netty-common-4.1.68.Final.jar:4.1.68.Final]
	at io.netty.util.concurrent.FastThreadLocalRunnable.run(FastThreadLocalRunnable.java:30) ~[netty-common-4.1.68.Final.jar:4.1.68.Final]
	at java.base/java.lang.Thread.run(Thread.java:832) ~[na:na]

2021-10-12 10:45:03.906  INFO 16197 --- [reactor-http-nio-3] d.c.b.a.server.services.StatusUpdater    : Couldn't retrieve status for Instance(id=e768e9e39727, version=0, registration=Registration(name=Stock Admin, managementUrl=http://192.168.1.8:8080/actuator, healthUrl=http://192.168.1.8:8080/actuator/health, serviceUrl=http://192.168.1.8:8080/, source=http-api), registered=true, statusInfo=StatusInfo(status=UNKNOWN, details={}), statusTimestamp=2021-10-12T04:45:03.735327Z, info=Info(values={}), endpoints=Endpoints(endpoints={health=Endpoint(id=health, url=http://192.168.1.8:8080/actuator/health)}), buildVersion=null, tags=Tags(values={}))

org.springframework.web.reactive.function.client.WebClientRequestException: Network is unreachable: /192.168.1.8:8080; nested exception is io.netty.channel.AbstractChannel$AnnotatedSocketException: Network is unreachable: /192.168.1.8:8080
	at org.springframework.web.reactive.function.client.ExchangeFunctions$DefaultExchangeFunction.lambda$wrapException$9(ExchangeFunctions.java:141) ~[spring-webflux-5.3.10.jar:5.3.10]
	Suppressed: reactor.core.publisher.FluxOnAssembly$OnAssemblyException: 
Error has been observed at the following site(s):
	|_ checkpoint ⇢ Request to GET health [DefaultWebClient]
Stack trace:
		at org.springframework.web.reactive.function.client.ExchangeFunctions$DefaultExchangeFunction.lambda$wrapException$9(ExchangeFunctions.java:141) ~[spring-webflux-5.3.10.jar:5.3.10]
		at reactor.core.publisher.MonoErrorSupplied.subscribe(MonoErrorSupplied.java:55) ~[reactor-core-3.4.10.jar:3.4.10]
		at reactor.core.publisher.Mono.subscribe(Mono.java:4361) ~[reactor-core-3.4.10.jar:3.4.10]
		at reactor.core.publisher.FluxOnErrorResume$ResumeSubscriber.onError(FluxOnErrorResume.java:103) ~[reactor-core-3.4.10.jar:3.4.10]
		at reactor.core.publisher.FluxPeek$PeekSubscriber.onError(FluxPeek.java:222) ~[reactor-core-3.4.10.jar:3.4.10]
		at reactor.core.publisher.FluxPeek$PeekSubscriber.onError(FluxPeek.java:222) ~[reactor-core-3.4.10.jar:3.4.10]
		at reactor.core.publisher.FluxPeek$PeekSubscriber.onError(FluxPeek.java:222) ~[reactor-core-3.4.10.jar:3.4.10]
		at reactor.core.publisher.MonoNext$NextSubscriber.onError(MonoNext.java:93) ~[reactor-core-3.4.10.jar:3.4.10]
		at reactor.core.publisher.MonoFlatMapMany$FlatMapManyMain.onError(MonoFlatMapMany.java:204) ~[reactor-core-3.4.10.jar:3.4.10]
		at reactor.core.publisher.SerializedSubscriber.onError(SerializedSubscriber.java:124) ~[reactor-core-3.4.10.jar:3.4.10]
		at reactor.core.publisher.FluxRetryWhen$RetryWhenMainSubscriber.whenError(FluxRetryWhen.java:225) ~[reactor-core-3.4.10.jar:3.4.10]
		at reactor.core.publisher.FluxRetryWhen$RetryWhenOtherSubscriber.onError(FluxRetryWhen.java:274) ~[reactor-core-3.4.10.jar:3.4.10]
		at reactor.core.publisher.FluxConcatMap$ConcatMapImmediate.drain(FluxConcatMap.java:414) ~[reactor-core-3.4.10.jar:3.4.10]
		at reactor.core.publisher.FluxConcatMap$ConcatMapImmediate.onNext(FluxConcatMap.java:251) ~[reactor-core-3.4.10.jar:3.4.10]
		at reactor.core.publisher.EmitterProcessor.drain(EmitterProcessor.java:491) ~[reactor-core-3.4.10.jar:3.4.10]
		at reactor.core.publisher.EmitterProcessor.tryEmitNext(EmitterProcessor.java:299) ~[reactor-core-3.4.10.jar:3.4.10]
		at reactor.core.publisher.SinkManySerialized.tryEmitNext(SinkManySerialized.java:100) ~[reactor-core-3.4.10.jar:3.4.10]
		at reactor.core.publisher.InternalManySink.emitNext(InternalManySink.java:27) ~[reactor-core-3.4.10.jar:3.4.10]
		at reactor.core.publisher.FluxRetryWhen$RetryWhenMainSubscriber.onError(FluxRetryWhen.java:190) ~[reactor-core-3.4.10.jar:3.4.10]
		at reactor.core.publisher.MonoCreate$DefaultMonoSink.error(MonoCreate.java:189) ~[reactor-core-3.4.10.jar:3.4.10]
		at reactor.netty.http.client.HttpClientConnect$MonoHttpConnect$ClientTransportSubscriber.onError(HttpClientConnect.java:304) ~[reactor-netty-http-1.0.11.jar:1.0.11]
		at reactor.core.publisher.MonoCreate$DefaultMonoSink.error(MonoCreate.java:189) ~[reactor-core-3.4.10.jar:3.4.10]
		at reactor.netty.resources.DefaultPooledConnectionProvider$DisposableAcquire.onError(DefaultPooledConnectionProvider.java:172) ~[reactor-netty-core-1.0.11.jar:1.0.11]
		at reactor.netty.internal.shaded.reactor.pool.AbstractPool$Borrower.fail(AbstractPool.java:445) ~[reactor-netty-core-1.0.11.jar:1.0.11]
		at reactor.netty.internal.shaded.reactor.pool.SimpleDequePool.lambda$drainLoop$9(SimpleDequePool.java:400) ~[reactor-netty-core-1.0.11.jar:1.0.11]
		at reactor.core.publisher.FluxDoOnEach$DoOnEachSubscriber.onError(FluxDoOnEach.java:186) ~[reactor-core-3.4.10.jar:3.4.10]
		at reactor.core.publisher.MonoCreate$DefaultMonoSink.error(MonoCreate.java:189) ~[reactor-core-3.4.10.jar:3.4.10]
		at reactor.netty.resources.DefaultPooledConnectionProvider$PooledConnectionAllocator$PooledConnectionInitializer.onError(DefaultPooledConnectionProvider.java:554) ~[reactor-netty-core-1.0.11.jar:1.0.11]
		at reactor.core.publisher.MonoFlatMap$FlatMapMain.secondError(MonoFlatMap.java:192) ~[reactor-core-3.4.10.jar:3.4.10]
		at reactor.core.publisher.MonoFlatMap$FlatMapInner.onError(MonoFlatMap.java:259) ~[reactor-core-3.4.10.jar:3.4.10]
		at reactor.core.publisher.FluxOnErrorResume$ResumeSubscriber.onError(FluxOnErrorResume.java:106) ~[reactor-core-3.4.10.jar:3.4.10]
		at reactor.core.publisher.Operators.error(Operators.java:198) ~[reactor-core-3.4.10.jar:3.4.10]
		at reactor.core.publisher.MonoError.subscribe(MonoError.java:53) ~[reactor-core-3.4.10.jar:3.4.10]
		at reactor.core.publisher.Mono.subscribe(Mono.java:4361) ~[reactor-core-3.4.10.jar:3.4.10]
		at reactor.core.publisher.FluxOnErrorResume$ResumeSubscriber.onError(FluxOnErrorResume.java:103) ~[reactor-core-3.4.10.jar:3.4.10]
		at reactor.netty.transport.TransportConnector$MonoChannelPromise.tryFailure(TransportConnector.java:517) ~[reactor-netty-core-1.0.11.jar:1.0.11]
		at reactor.netty.transport.TransportConnector$MonoChannelPromise.setFailure(TransportConnector.java:471) ~[reactor-netty-core-1.0.11.jar:1.0.11]
		at reactor.netty.transport.TransportConnector.lambda$doConnect$7(TransportConnector.java:206) ~[reactor-netty-core-1.0.11.jar:1.0.11]
		at io.netty.util.concurrent.DefaultPromise.notifyListener0(DefaultPromise.java:578) ~[netty-common-4.1.68.Final.jar:4.1.68.Final]
		at io.netty.util.concurrent.DefaultPromise.notifyListenersNow(DefaultPromise.java:552) ~[netty-common-4.1.68.Final.jar:4.1.68.Final]
		at io.netty.util.concurrent.DefaultPromise.notifyListeners(DefaultPromise.java:491) ~[netty-common-4.1.68.Final.jar:4.1.68.Final]
		at io.netty.util.concurrent.DefaultPromise.addListener(DefaultPromise.java:184) ~[netty-common-4.1.68.Final.jar:4.1.68.Final]
		at io.netty.channel.DefaultChannelPromise.addListener(DefaultChannelPromise.java:95) ~[netty-transport-4.1.68.Final.jar:4.1.68.Final]
		at io.netty.channel.DefaultChannelPromise.addListener(DefaultChannelPromise.java:30) ~[netty-transport-4.1.68.Final.jar:4.1.68.Final]
		at reactor.netty.transport.TransportConnector.lambda$doConnect$8(TransportConnector.java:188) ~[reactor-netty-core-1.0.11.jar:1.0.11]
		at io.netty.util.concurrent.AbstractEventExecutor.safeExecute(AbstractEventExecutor.java:164) ~[netty-common-4.1.68.Final.jar:4.1.68.Final]
		at io.netty.util.concurrent.SingleThreadEventExecutor.runAllTasks(SingleThreadEventExecutor.java:469) ~[netty-common-4.1.68.Final.jar:4.1.68.Final]
		at io.netty.channel.nio.NioEventLoop.run(NioEventLoop.java:500) ~[netty-transport-4.1.68.Final.jar:4.1.68.Final]
		at io.netty.util.concurrent.SingleThreadEventExecutor$4.run(SingleThreadEventExecutor.java:986) ~[netty-common-4.1.68.Final.jar:4.1.68.Final]
		at io.netty.util.internal.ThreadExecutorMap$2.run(ThreadExecutorMap.java:74) ~[netty-common-4.1.68.Final.jar:4.1.68.Final]
		at io.netty.util.concurrent.FastThreadLocalRunnable.run(FastThreadLocalRunnable.java:30) ~[netty-common-4.1.68.Final.jar:4.1.68.Final]
		at java.base/java.lang.Thread.run(Thread.java:832) ~[na:na]
Caused by: io.netty.channel.AbstractChannel$AnnotatedSocketException: Network is unreachable: /192.168.1.8:8080
Caused by: java.net.SocketException: Network is unreachable
	at java.base/sun.nio.ch.Net.connect0(Native Method) ~[na:na]
	at java.base/sun.nio.ch.Net.connect(Net.java:574) ~[na:na]
	at java.base/sun.nio.ch.SocketChannelImpl.connect(SocketChannelImpl.java:784) ~[na:na]
	at io.netty.util.internal.SocketUtils$3.run(SocketUtils.java:91) ~[netty-common-4.1.68.Final.jar:4.1.68.Final]
	at io.netty.util.internal.SocketUtils$3.run(SocketUtils.java:88) ~[netty-common-4.1.68.Final.jar:4.1.68.Final]
	at java.base/java.security.AccessController.doPrivileged(AccessController.java:554) ~[na:na]
	at io.netty.util.internal.SocketUtils.connect(SocketUtils.java:88) ~[netty-common-4.1.68.Final.jar:4.1.68.Final]
	at io.netty.channel.socket.nio.NioSocketChannel.doConnect(NioSocketChannel.java:315) ~[netty-transport-4.1.68.Final.jar:4.1.68.Final]
	at io.netty.channel.nio.AbstractNioChannel$AbstractNioUnsafe.connect(AbstractNioChannel.java:248) ~[netty-transport-4.1.68.Final.jar:4.1.68.Final]
	at io.netty.channel.DefaultChannelPipeline$HeadContext.connect(DefaultChannelPipeline.java:1342) ~[netty-transport-4.1.68.Final.jar:4.1.68.Final]
	at io.netty.channel.AbstractChannelHandlerContext.invokeConnect(AbstractChannelHandlerContext.java:548) ~[netty-transport-4.1.68.Final.jar:4.1.68.Final]
	at io.netty.channel.AbstractChannelHandlerContext.connect(AbstractChannelHandlerContext.java:533) ~[netty-transport-4.1.68.Final.jar:4.1.68.Final]
	at io.netty.channel.CombinedChannelDuplexHandler$DelegatingChannelHandlerContext.connect(CombinedChannelDuplexHandler.java:495) ~[netty-transport-4.1.68.Final.jar:4.1.68.Final]
	at io.netty.channel.ChannelOutboundHandlerAdapter.connect(ChannelOutboundHandlerAdapter.java:51) ~[netty-transport-4.1.68.Final.jar:4.1.68.Final]
	at io.netty.channel.CombinedChannelDuplexHandler.connect(CombinedChannelDuplexHandler.java:296) ~[netty-transport-4.1.68.Final.jar:4.1.68.Final]
	at io.netty.channel.AbstractChannelHandlerContext.invokeConnect(AbstractChannelHandlerContext.java:548) ~[netty-transport-4.1.68.Final.jar:4.1.68.Final]
	at io.netty.channel.AbstractChannelHandlerContext.connect(AbstractChannelHandlerContext.java:533) ~[netty-transport-4.1.68.Final.jar:4.1.68.Final]
	at io.netty.channel.AbstractChannelHandlerContext.connect(AbstractChannelHandlerContext.java:517) ~[netty-transport-4.1.68.Final.jar:4.1.68.Final]
	at io.netty.channel.AbstractChannelHandlerContext.connect(AbstractChannelHandlerContext.java:457) ~[netty-transport-4.1.68.Final.jar:4.1.68.Final]
	at io.netty.channel.DefaultChannelPipeline.connect(DefaultChannelPipeline.java:942) ~[netty-transport-4.1.68.Final.jar:4.1.68.Final]
	at io.netty.channel.AbstractChannel.connect(AbstractChannel.java:229) ~[netty-transport-4.1.68.Final.jar:4.1.68.Final]
	at reactor.netty.transport.TransportConnector.lambda$doConnect$8(TransportConnector.java:181) ~[reactor-netty-core-1.0.11.jar:1.0.11]
	at io.netty.util.concurrent.AbstractEventExecutor.safeExecute(AbstractEventExecutor.java:164) ~[netty-common-4.1.68.Final.jar:4.1.68.Final]
	at io.netty.util.concurrent.SingleThreadEventExecutor.runAllTasks(SingleThreadEventExecutor.java:469) ~[netty-common-4.1.68.Final.jar:4.1.68.Final]
	at io.netty.channel.nio.NioEventLoop.run(NioEventLoop.java:500) ~[netty-transport-4.1.68.Final.jar:4.1.68.Final]
	at io.netty.util.concurrent.SingleThreadEventExecutor$4.run(SingleThreadEventExecutor.java:986) ~[netty-common-4.1.68.Final.jar:4.1.68.Final]
	at io.netty.util.internal.ThreadExecutorMap$2.run(ThreadExecutorMap.java:74) ~[netty-common-4.1.68.Final.jar:4.1.68.Final]
	at io.netty.util.concurrent.FastThreadLocalRunnable.run(FastThreadLocalRunnable.java:30) ~[netty-common-4.1.68.Final.jar:4.1.68.Final]
	at java.base/java.lang.Thread.run(Thread.java:832) ~[na:na]

2021-10-12 13:20:17.844  INFO 16847 --- [main] com.admin.stock.StockApplication         : Starting StockApplication using Java 15.0.1 on MacBook-Air-Muhtar.local with PID 16847 (/Users/mukhtar/Downloads/stock 2/target/classes started by mukhtar in /Users/mukhtar/Downloads/stock 2)
2021-10-12 13:20:17.848  INFO 16847 --- [main] com.admin.stock.StockApplication         : No active profile set, falling back to default profiles: default
2021-10-12 13:20:21.670  INFO 16847 --- [main] o.s.b.w.embedded.tomcat.TomcatWebServer  : Tomcat initialized with port(s): 8080 (http)
2021-10-12 13:20:21.699  INFO 16847 --- [main] o.apache.catalina.core.StandardService   : Starting service [Tomcat]
2021-10-12 13:20:21.700  INFO 16847 --- [main] org.apache.catalina.core.StandardEngine  : Starting Servlet engine: [Apache Tomcat/9.0.53]
2021-10-12 13:20:21.834  INFO 16847 --- [main] o.a.c.c.C.[Tomcat].[localhost].[/]       : Initializing Spring embedded WebApplicationContext
2021-10-12 13:20:21.835  INFO 16847 --- [main] w.s.c.ServletWebServerApplicationContext : Root WebApplicationContext: initialization completed in 3887 ms
2021-10-12 13:20:23.378  WARN 16847 --- [main] ion$DefaultTemplateResolverConfiguration : Cannot find template location: classpath:/templates/ (please add some templates or check your Thymeleaf configuration)
2021-10-12 13:20:26.462  INFO 16847 --- [main] o.s.b.a.e.web.EndpointLinksResolver      : Exposing 14 endpoint(s) beneath base path '/actuator'
2021-10-12 13:20:26.538  INFO 16847 --- [main] o.s.b.w.embedded.tomcat.TomcatWebServer  : Tomcat started on port(s): 8080 (http) with context path ''
2021-10-12 13:20:26.560  INFO 16847 --- [main] com.admin.stock.StockApplication         : Started StockApplication in 9.782 seconds (JVM running for 12.434)
2021-10-12 13:20:26.949  INFO 16847 --- [http-nio-8080-exec-1] o.a.c.c.C.[Tomcat].[localhost].[/]       : Initializing Spring DispatcherServlet 'dispatcherServlet'
2021-10-12 13:20:26.949  INFO 16847 --- [http-nio-8080-exec-1] o.s.web.servlet.DispatcherServlet        : Initializing Servlet 'dispatcherServlet'
2021-10-12 13:20:26.952  INFO 16847 --- [http-nio-8080-exec-1] o.s.web.servlet.DispatcherServlet        : Completed initialization in 3 ms
2021-10-12 13:20:27.756  INFO 16847 --- [registrationTask1] d.c.b.a.c.r.ApplicationRegistrator       : Application registered itself as a973ff14be49
2021-10-12 13:42:52.521  INFO 17254 --- [main] com.admin.stock.StockApplication         : Starting StockApplication using Java 15.0.1 on MacBook-Air-Muhtar.local with PID 17254 (/Users/mukhtar/Downloads/stock 2/target/classes started by mukhtar in /Users/mukhtar/Downloads/stock 2)
2021-10-12 13:42:52.527  INFO 17254 --- [main] com.admin.stock.StockApplication         : No active profile set, falling back to default profiles: default
2021-10-12 13:42:54.694  INFO 17254 --- [main] o.s.b.w.embedded.tomcat.TomcatWebServer  : Tomcat initialized with port(s): 8080 (http)
2021-10-12 13:42:54.716  INFO 17254 --- [main] o.apache.catalina.core.StandardService   : Starting service [Tomcat]
2021-10-12 13:42:54.717  INFO 17254 --- [main] org.apache.catalina.core.StandardEngine  : Starting Servlet engine: [Apache Tomcat/9.0.53]
2021-10-12 13:42:54.842  INFO 17254 --- [main] o.a.c.c.C.[Tomcat].[localhost].[/]       : Initializing Spring embedded WebApplicationContext
2021-10-12 13:42:54.843  INFO 17254 --- [main] w.s.c.ServletWebServerApplicationContext : Root WebApplicationContext: initialization completed in 2156 ms
2021-10-12 13:42:55.116  WARN 17254 --- [main] ConfigServletWebServerApplicationContext : Exception encountered during context initialization - cancelling refresh attempt: org.springframework.beans.factory.UnsatisfiedDependencyException: Error creating bean with name 'service' defined in file [/Users/mukhtar/Downloads/stock 2/target/classes/com/admin/stock/services/model/Service.class]: Unsatisfied dependency expressed through constructor parameter 0; nested exception is org.springframework.beans.factory.NoSuchBeanDefinitionException: No qualifying bean of type 'java.lang.Integer' available: expected at least 1 bean which qualifies as autowire candidate. Dependency annotations: {}
2021-10-12 13:42:55.122  INFO 17254 --- [main] o.apache.catalina.core.StandardService   : Stopping service [Tomcat]
2021-10-12 13:42:55.143  INFO 17254 --- [main] ConditionEvaluationReportLoggingListener : 

Error starting ApplicationContext. To display the conditions report re-run your application with 'debug' enabled.
2021-10-12 13:42:55.180 ERROR 17254 --- [main] o.s.b.d.LoggingFailureAnalysisReporter   : 

***************************
APPLICATION FAILED TO START
***************************

Description:

Parameter 0 of constructor in com.admin.stock.services.model.Service required a bean of type 'java.lang.Integer' that could not be found.


Action:

Consider defining a bean of type 'java.lang.Integer' in your configuration.

2021-10-12 13:43:12.448  INFO 17258 --- [main] com.admin.stock.StockApplication         : Starting StockApplication using Java 15.0.1 on MacBook-Air-Muhtar.local with PID 17258 (/Users/mukhtar/Downloads/stock 2/target/classes started by mukhtar in /Users/mukhtar/Downloads/stock 2)
2021-10-12 13:43:12.453  INFO 17258 --- [main] com.admin.stock.StockApplication         : No active profile set, falling back to default profiles: default
2021-10-12 13:43:14.089  INFO 17258 --- [main] o.s.b.w.embedded.tomcat.TomcatWebServer  : Tomcat initialized with port(s): 8080 (http)
2021-10-12 13:43:14.099  INFO 17258 --- [main] o.apache.catalina.core.StandardService   : Starting service [Tomcat]
2021-10-12 13:43:14.100  INFO 17258 --- [main] org.apache.catalina.core.StandardEngine  : Starting Servlet engine: [Apache Tomcat/9.0.53]
2021-10-12 13:43:14.216  INFO 17258 --- [main] o.a.c.c.C.[Tomcat].[localhost].[/]       : Initializing Spring embedded WebApplicationContext
2021-10-12 13:43:14.217  INFO 17258 --- [main] w.s.c.ServletWebServerApplicationContext : Root WebApplicationContext: initialization completed in 1668 ms
2021-10-12 13:43:14.481  WARN 17258 --- [main] ConfigServletWebServerApplicationContext : Exception encountered during context initialization - cancelling refresh attempt: org.springframework.beans.factory.UnsatisfiedDependencyException: Error creating bean with name 'service' defined in file [/Users/mukhtar/Downloads/stock 2/target/classes/com/admin/stock/services/model/Service.class]: Unsatisfied dependency expressed through constructor parameter 0; nested exception is org.springframework.beans.factory.NoSuchBeanDefinitionException: No qualifying bean of type 'java.lang.Integer' available: expected at least 1 bean which qualifies as autowire candidate. Dependency annotations: {}
2021-10-12 13:43:14.485  INFO 17258 --- [main] o.apache.catalina.core.StandardService   : Stopping service [Tomcat]
2021-10-12 13:43:14.509  INFO 17258 --- [main] ConditionEvaluationReportLoggingListener : 

Error starting ApplicationContext. To display the conditions report re-run your application with 'debug' enabled.
2021-10-12 13:43:14.530 ERROR 17258 --- [main] o.s.b.d.LoggingFailureAnalysisReporter   : 

***************************
APPLICATION FAILED TO START
***************************

Description:

Parameter 0 of constructor in com.admin.stock.services.model.Service required a bean of type 'java.lang.Integer' that could not be found.


Action:

Consider defining a bean of type 'java.lang.Integer' in your configuration.

2021-10-12 13:43:27.853  INFO 17260 --- [main] com.admin.stock.StockApplication         : Starting StockApplication using Java 15.0.1 on MacBook-Air-Muhtar.local with PID 17260 (/Users/mukhtar/Downloads/stock 2/target/classes started by mukhtar in /Users/mukhtar/Downloads/stock 2)
2021-10-12 13:43:27.859  INFO 17260 --- [main] com.admin.stock.StockApplication         : No active profile set, falling back to default profiles: default
2021-10-12 13:43:30.697  INFO 17260 --- [main] o.s.b.w.embedded.tomcat.TomcatWebServer  : Tomcat initialized with port(s): 8080 (http)
2021-10-12 13:43:30.718  INFO 17260 --- [main] o.apache.catalina.core.StandardService   : Starting service [Tomcat]
2021-10-12 13:43:30.720  INFO 17260 --- [main] org.apache.catalina.core.StandardEngine  : Starting Servlet engine: [Apache Tomcat/9.0.53]
2021-10-12 13:43:31.007  INFO 17260 --- [main] o.a.c.c.C.[Tomcat].[localhost].[/]       : Initializing Spring embedded WebApplicationContext
2021-10-12 13:43:31.008  INFO 17260 --- [main] w.s.c.ServletWebServerApplicationContext : Root WebApplicationContext: initialization completed in 3077 ms
2021-10-12 13:43:31.772  WARN 17260 --- [main] ConfigServletWebServerApplicationContext : Exception encountered during context initialization - cancelling refresh attempt: org.springframework.beans.factory.UnsatisfiedDependencyException: Error creating bean with name 'service' defined in file [/Users/mukhtar/Downloads/stock 2/target/classes/com/admin/stock/services/model/Service.class]: Unsatisfied dependency expressed through constructor parameter 0; nested exception is org.springframework.beans.factory.NoSuchBeanDefinitionException: No qualifying bean of type 'java.lang.Integer' available: expected at least 1 bean which qualifies as autowire candidate. Dependency annotations: {}
2021-10-12 13:43:31.778  INFO 17260 --- [main] o.apache.catalina.core.StandardService   : Stopping service [Tomcat]
2021-10-12 13:43:31.824  INFO 17260 --- [main] ConditionEvaluationReportLoggingListener : 

Error starting ApplicationContext. To display the conditions report re-run your application with 'debug' enabled.
2021-10-12 13:43:31.870 ERROR 17260 --- [main] o.s.b.d.LoggingFailureAnalysisReporter   : 

***************************
APPLICATION FAILED TO START
***************************

Description:

Parameter 0 of constructor in com.admin.stock.services.model.Service required a bean of type 'java.lang.Integer' that could not be found.


Action:

Consider defining a bean of type 'java.lang.Integer' in your configuration.

2021-10-12 13:43:32.854  INFO 17263 --- [main] com.admin.stock.StockApplication         : Starting StockApplication using Java 15.0.1 on MacBook-Air-Muhtar.local with PID 17263 (/Users/mukhtar/Downloads/stock 2/target/classes started by mukhtar in /Users/mukhtar/Downloads/stock 2)
2021-10-12 13:43:32.859  INFO 17263 --- [main] com.admin.stock.StockApplication         : No active profile set, falling back to default profiles: default
2021-10-12 13:43:35.696  INFO 17263 --- [main] o.s.b.w.embedded.tomcat.TomcatWebServer  : Tomcat initialized with port(s): 8080 (http)
2021-10-12 13:43:35.707  INFO 17263 --- [main] o.apache.catalina.core.StandardService   : Starting service [Tomcat]
2021-10-12 13:43:35.708  INFO 17263 --- [main] org.apache.catalina.core.StandardEngine  : Starting Servlet engine: [Apache Tomcat/9.0.53]
2021-10-12 13:43:35.816  INFO 17263 --- [main] o.a.c.c.C.[Tomcat].[localhost].[/]       : Initializing Spring embedded WebApplicationContext
2021-10-12 13:43:35.817  INFO 17263 --- [main] w.s.c.ServletWebServerApplicationContext : Root WebApplicationContext: initialization completed in 2695 ms
2021-10-12 13:43:36.180  WARN 17263 --- [main] ConfigServletWebServerApplicationContext : Exception encountered during context initialization - cancelling refresh attempt: org.springframework.beans.factory.UnsatisfiedDependencyException: Error creating bean with name 'service' defined in file [/Users/mukhtar/Downloads/stock 2/target/classes/com/admin/stock/services/model/Service.class]: Unsatisfied dependency expressed through constructor parameter 0; nested exception is org.springframework.beans.factory.NoSuchBeanDefinitionException: No qualifying bean of type 'java.lang.Integer' available: expected at least 1 bean which qualifies as autowire candidate. Dependency annotations: {}
2021-10-12 13:43:36.185  INFO 17263 --- [main] o.apache.catalina.core.StandardService   : Stopping service [Tomcat]
2021-10-12 13:43:36.209  INFO 17263 --- [main] ConditionEvaluationReportLoggingListener : 

Error starting ApplicationContext. To display the conditions report re-run your application with 'debug' enabled.
2021-10-12 13:43:36.229 ERROR 17263 --- [main] o.s.b.d.LoggingFailureAnalysisReporter   : 

***************************
APPLICATION FAILED TO START
***************************

Description:

Parameter 0 of constructor in com.admin.stock.services.model.Service required a bean of type 'java.lang.Integer' that could not be found.


Action:

Consider defining a bean of type 'java.lang.Integer' in your configuration.

2021-10-12 13:46:42.030  INFO 17307 --- [main] com.admin.stock.StockApplication         : Starting StockApplication using Java 15.0.1 on MacBook-Air-Muhtar.local with PID 17307 (/Users/mukhtar/Downloads/stock 2/target/classes started by mukhtar in /Users/mukhtar/Downloads/stock 2)
2021-10-12 13:46:42.034  INFO 17307 --- [main] com.admin.stock.StockApplication         : No active profile set, falling back to default profiles: default
2021-10-12 13:46:44.076  INFO 17307 --- [main] o.s.b.w.embedded.tomcat.TomcatWebServer  : Tomcat initialized with port(s): 8080 (http)
2021-10-12 13:46:44.086  INFO 17307 --- [main] o.apache.catalina.core.StandardService   : Starting service [Tomcat]
2021-10-12 13:46:44.087  INFO 17307 --- [main] org.apache.catalina.core.StandardEngine  : Starting Servlet engine: [Apache Tomcat/9.0.53]
2021-10-12 13:46:44.176  INFO 17307 --- [main] o.a.c.c.C.[Tomcat].[localhost].[/]       : Initializing Spring embedded WebApplicationContext
2021-10-12 13:46:44.176  INFO 17307 --- [main] w.s.c.ServletWebServerApplicationContext : Root WebApplicationContext: initialization completed in 2072 ms
2021-10-12 13:46:44.407  WARN 17307 --- [main] ConfigServletWebServerApplicationContext : Exception encountered during context initialization - cancelling refresh attempt: org.springframework.beans.factory.BeanCreationException: Error creating bean with name 'service' defined in file [/Users/mukhtar/Downloads/stock 2/target/classes/com/admin/stock/services/model/Service.class]: Instantiation of bean failed; nested exception is org.springframework.beans.BeanInstantiationException: Failed to instantiate [com.admin.stock.services.model.Service]: No default constructor found; nested exception is java.lang.NoSuchMethodException: com.admin.stock.services.model.Service.<init>()
2021-10-12 13:46:44.410  INFO 17307 --- [main] o.apache.catalina.core.StandardService   : Stopping service [Tomcat]
2021-10-12 13:46:44.429  INFO 17307 --- [main] ConditionEvaluationReportLoggingListener : 

Error starting ApplicationContext. To display the conditions report re-run your application with 'debug' enabled.
2021-10-12 13:46:44.465 ERROR 17307 --- [main] o.s.boot.SpringApplication               : Application run failed

org.springframework.beans.factory.BeanCreationException: Error creating bean with name 'service' defined in file [/Users/mukhtar/Downloads/stock 2/target/classes/com/admin/stock/services/model/Service.class]: Instantiation of bean failed; nested exception is org.springframework.beans.BeanInstantiationException: Failed to instantiate [com.admin.stock.services.model.Service]: No default constructor found; nested exception is java.lang.NoSuchMethodException: com.admin.stock.services.model.Service.<init>()
	at org.springframework.beans.factory.support.AbstractAutowireCapableBeanFactory.instantiateBean(AbstractAutowireCapableBeanFactory.java:1334) ~[spring-beans-5.3.10.jar:5.3.10]
	at org.springframework.beans.factory.support.AbstractAutowireCapableBeanFactory.createBeanInstance(AbstractAutowireCapableBeanFactory.java:1232) ~[spring-beans-5.3.10.jar:5.3.10]
	at org.springframework.beans.factory.support.AbstractAutowireCapableBeanFactory.doCreateBean(AbstractAutowireCapableBeanFactory.java:582) ~[spring-beans-5.3.10.jar:5.3.10]
	at org.springframework.beans.factory.support.AbstractAutowireCapableBeanFactory.createBean(AbstractAutowireCapableBeanFactory.java:542) ~[spring-beans-5.3.10.jar:5.3.10]
	at org.springframework.beans.factory.support.AbstractBeanFactory.lambda$doGetBean$0(AbstractBeanFactory.java:335) ~[spring-beans-5.3.10.jar:5.3.10]
	at org.springframework.beans.factory.support.DefaultSingletonBeanRegistry.getSingleton(DefaultSingletonBeanRegistry.java:234) ~[spring-beans-5.3.10.jar:5.3.10]
	at org.springframework.beans.factory.support.AbstractBeanFactory.doGetBean(AbstractBeanFactory.java:333) ~[spring-beans-5.3.10.jar:5.3.10]
	at org.springframework.beans.factory.support.AbstractBeanFactory.getBean(AbstractBeanFactory.java:208) ~[spring-beans-5.3.10.jar:5.3.10]
	at org.springframework.beans.factory.support.DefaultListableBeanFactory.preInstantiateSingletons(DefaultListableBeanFactory.java:944) ~[spring-beans-5.3.10.jar:5.3.10]
	at org.springframework.context.support.AbstractApplicationContext.finishBeanFactoryInitialization(AbstractApplicationContext.java:918) ~[spring-context-5.3.10.jar:5.3.10]
	at org.springframework.context.support.AbstractApplicationContext.refresh(AbstractApplicationContext.java:583) ~[spring-context-5.3.10.jar:5.3.10]
	at org.springframework.boot.web.servlet.context.ServletWebServerApplicationContext.refresh(ServletWebServerApplicationContext.java:145) ~[spring-boot-2.5.5.jar:2.5.5]
	at org.springframework.boot.SpringApplication.refresh(SpringApplication.java:754) ~[spring-boot-2.5.5.jar:2.5.5]
	at org.springframework.boot.SpringApplication.refreshContext(SpringApplication.java:434) ~[spring-boot-2.5.5.jar:2.5.5]
	at org.springframework.boot.SpringApplication.run(SpringApplication.java:338) ~[spring-boot-2.5.5.jar:2.5.5]
	at org.springframework.boot.SpringApplication.run(SpringApplication.java:1343) ~[spring-boot-2.5.5.jar:2.5.5]
	at org.springframework.boot.SpringApplication.run(SpringApplication.java:1332) ~[spring-boot-2.5.5.jar:2.5.5]
	at com.admin.stock.StockApplication.main(StockApplication.java:12) ~[classes/:na]
Caused by: org.springframework.beans.BeanInstantiationException: Failed to instantiate [com.admin.stock.services.model.Service]: No default constructor found; nested exception is java.lang.NoSuchMethodException: com.admin.stock.services.model.Service.<init>()
	at org.springframework.beans.factory.support.SimpleInstantiationStrategy.instantiate(SimpleInstantiationStrategy.java:83) ~[spring-beans-5.3.10.jar:5.3.10]
	at org.springframework.beans.factory.support.AbstractAutowireCapableBeanFactory.instantiateBean(AbstractAutowireCapableBeanFactory.java:1326) ~[spring-beans-5.3.10.jar:5.3.10]
	... 17 common frames omitted
Caused by: java.lang.NoSuchMethodException: com.admin.stock.services.model.Service.<init>()
	at java.base/java.lang.Class.getConstructor0(Class.java:3508) ~[na:na]
	at java.base/java.lang.Class.getDeclaredConstructor(Class.java:2711) ~[na:na]
	at org.springframework.beans.factory.support.SimpleInstantiationStrategy.instantiate(SimpleInstantiationStrategy.java:78) ~[spring-beans-5.3.10.jar:5.3.10]
	... 18 common frames omitted

2021-10-12 13:47:26.842  INFO 17314 --- [main] com.admin.stock.StockApplication         : Starting StockApplication using Java 15.0.1 on MacBook-Air-Muhtar.local with PID 17314 (/Users/mukhtar/Downloads/stock 2/target/classes started by mukhtar in /Users/mukhtar/Downloads/stock 2)
2021-10-12 13:47:26.845  INFO 17314 --- [main] com.admin.stock.StockApplication         : No active profile set, falling back to default profiles: default
2021-10-12 13:47:29.154  INFO 17314 --- [main] o.s.b.w.embedded.tomcat.TomcatWebServer  : Tomcat initialized with port(s): 8080 (http)
2021-10-12 13:47:29.165  INFO 17314 --- [main] o.apache.catalina.core.StandardService   : Starting service [Tomcat]
2021-10-12 13:47:29.165  INFO 17314 --- [main] org.apache.catalina.core.StandardEngine  : Starting Servlet engine: [Apache Tomcat/9.0.53]
2021-10-12 13:47:29.254  INFO 17314 --- [main] o.a.c.c.C.[Tomcat].[localhost].[/]       : Initializing Spring embedded WebApplicationContext
2021-10-12 13:47:29.255  INFO 17314 --- [main] w.s.c.ServletWebServerApplicationContext : Root WebApplicationContext: initialization completed in 2354 ms
2021-10-12 13:47:29.524  WARN 17314 --- [main] ConfigServletWebServerApplicationContext : Exception encountered during context initialization - cancelling refresh attempt: org.springframework.beans.factory.BeanCreationException: Error creating bean with name 'service' defined in file [/Users/mukhtar/Downloads/stock 2/target/classes/com/admin/stock/services/model/Service.class]: Instantiation of bean failed; nested exception is org.springframework.beans.BeanInstantiationException: Failed to instantiate [com.admin.stock.services.model.Service]: No default constructor found; nested exception is java.lang.NoSuchMethodException: com.admin.stock.services.model.Service.<init>()
2021-10-12 13:47:29.527  INFO 17314 --- [main] o.apache.catalina.core.StandardService   : Stopping service [Tomcat]
2021-10-12 13:47:29.551  INFO 17314 --- [main] ConditionEvaluationReportLoggingListener : 

Error starting ApplicationContext. To display the conditions report re-run your application with 'debug' enabled.
2021-10-12 13:47:29.594 ERROR 17314 --- [main] o.s.boot.SpringApplication               : Application run failed

org.springframework.beans.factory.BeanCreationException: Error creating bean with name 'service' defined in file [/Users/mukhtar/Downloads/stock 2/target/classes/com/admin/stock/services/model/Service.class]: Instantiation of bean failed; nested exception is org.springframework.beans.BeanInstantiationException: Failed to instantiate [com.admin.stock.services.model.Service]: No default constructor found; nested exception is java.lang.NoSuchMethodException: com.admin.stock.services.model.Service.<init>()
	at org.springframework.beans.factory.support.AbstractAutowireCapableBeanFactory.instantiateBean(AbstractAutowireCapableBeanFactory.java:1334) ~[spring-beans-5.3.10.jar:5.3.10]
	at org.springframework.beans.factory.support.AbstractAutowireCapableBeanFactory.createBeanInstance(AbstractAutowireCapableBeanFactory.java:1232) ~[spring-beans-5.3.10.jar:5.3.10]
	at org.springframework.beans.factory.support.AbstractAutowireCapableBeanFactory.doCreateBean(AbstractAutowireCapableBeanFactory.java:582) ~[spring-beans-5.3.10.jar:5.3.10]
	at org.springframework.beans.factory.support.AbstractAutowireCapableBeanFactory.createBean(AbstractAutowireCapableBeanFactory.java:542) ~[spring-beans-5.3.10.jar:5.3.10]
	at org.springframework.beans.factory.support.AbstractBeanFactory.lambda$doGetBean$0(AbstractBeanFactory.java:335) ~[spring-beans-5.3.10.jar:5.3.10]
	at org.springframework.beans.factory.support.DefaultSingletonBeanRegistry.getSingleton(DefaultSingletonBeanRegistry.java:234) ~[spring-beans-5.3.10.jar:5.3.10]
	at org.springframework.beans.factory.support.AbstractBeanFactory.doGetBean(AbstractBeanFactory.java:333) ~[spring-beans-5.3.10.jar:5.3.10]
	at org.springframework.beans.factory.support.AbstractBeanFactory.getBean(AbstractBeanFactory.java:208) ~[spring-beans-5.3.10.jar:5.3.10]
	at org.springframework.beans.factory.support.DefaultListableBeanFactory.preInstantiateSingletons(DefaultListableBeanFactory.java:944) ~[spring-beans-5.3.10.jar:5.3.10]
	at org.springframework.context.support.AbstractApplicationContext.finishBeanFactoryInitialization(AbstractApplicationContext.java:918) ~[spring-context-5.3.10.jar:5.3.10]
	at org.springframework.context.support.AbstractApplicationContext.refresh(AbstractApplicationContext.java:583) ~[spring-context-5.3.10.jar:5.3.10]
	at org.springframework.boot.web.servlet.context.ServletWebServerApplicationContext.refresh(ServletWebServerApplicationContext.java:145) ~[spring-boot-2.5.5.jar:2.5.5]
	at org.springframework.boot.SpringApplication.refresh(SpringApplication.java:754) ~[spring-boot-2.5.5.jar:2.5.5]
	at org.springframework.boot.SpringApplication.refreshContext(SpringApplication.java:434) ~[spring-boot-2.5.5.jar:2.5.5]
	at org.springframework.boot.SpringApplication.run(SpringApplication.java:338) ~[spring-boot-2.5.5.jar:2.5.5]
	at org.springframework.boot.SpringApplication.run(SpringApplication.java:1343) ~[spring-boot-2.5.5.jar:2.5.5]
	at org.springframework.boot.SpringApplication.run(SpringApplication.java:1332) ~[spring-boot-2.5.5.jar:2.5.5]
	at com.admin.stock.StockApplication.main(StockApplication.java:12) ~[classes/:na]
Caused by: org.springframework.beans.BeanInstantiationException: Failed to instantiate [com.admin.stock.services.model.Service]: No default constructor found; nested exception is java.lang.NoSuchMethodException: com.admin.stock.services.model.Service.<init>()
	at org.springframework.beans.factory.support.SimpleInstantiationStrategy.instantiate(SimpleInstantiationStrategy.java:83) ~[spring-beans-5.3.10.jar:5.3.10]
	at org.springframework.beans.factory.support.AbstractAutowireCapableBeanFactory.instantiateBean(AbstractAutowireCapableBeanFactory.java:1326) ~[spring-beans-5.3.10.jar:5.3.10]
	... 17 common frames omitted
Caused by: java.lang.NoSuchMethodException: com.admin.stock.services.model.Service.<init>()
	at java.base/java.lang.Class.getConstructor0(Class.java:3508) ~[na:na]
	at java.base/java.lang.Class.getDeclaredConstructor(Class.java:2711) ~[na:na]
	at org.springframework.beans.factory.support.SimpleInstantiationStrategy.instantiate(SimpleInstantiationStrategy.java:78) ~[spring-beans-5.3.10.jar:5.3.10]
	... 18 common frames omitted

2021-10-12 13:50:02.813  INFO 17352 --- [main] com.admin.stock.StockApplication         : Starting StockApplication using Java 15.0.1 on MacBook-Air-Muhtar.local with PID 17352 (/Users/mukhtar/Downloads/stock 2/target/classes started by mukhtar in /Users/mukhtar/Downloads/stock 2)
2021-10-12 13:50:02.818  INFO 17352 --- [main] com.admin.stock.StockApplication         : No active profile set, falling back to default profiles: default
2021-10-12 13:50:05.503  INFO 17352 --- [main] o.s.b.w.embedded.tomcat.TomcatWebServer  : Tomcat initialized with port(s): 8080 (http)
2021-10-12 13:50:05.527  INFO 17352 --- [main] o.apache.catalina.core.StandardService   : Starting service [Tomcat]
2021-10-12 13:50:05.528  INFO 17352 --- [main] org.apache.catalina.core.StandardEngine  : Starting Servlet engine: [Apache Tomcat/9.0.53]
2021-10-12 13:50:05.686  INFO 17352 --- [main] o.a.c.c.C.[Tomcat].[localhost].[/]       : Initializing Spring embedded WebApplicationContext
2021-10-12 13:50:05.687  INFO 17352 --- [main] w.s.c.ServletWebServerApplicationContext : Root WebApplicationContext: initialization completed in 2780 ms
2021-10-12 13:50:06.473  WARN 17352 --- [main] ion$DefaultTemplateResolverConfiguration : Cannot find template location: classpath:/templates/ (please add some templates or check your Thymeleaf configuration)
2021-10-12 13:50:08.491  INFO 17352 --- [main] o.s.b.a.e.web.EndpointLinksResolver      : Exposing 14 endpoint(s) beneath base path '/actuator'
2021-10-12 13:50:08.544  INFO 17352 --- [main] o.s.b.w.embedded.tomcat.TomcatWebServer  : Tomcat started on port(s): 8080 (http) with context path ''
2021-10-12 13:50:08.565  INFO 17352 --- [main] com.admin.stock.StockApplication         : Started StockApplication in 6.27 seconds (JVM running for 7.697)
2021-10-12 13:50:08.943  INFO 17352 --- [RMI TCP Connection(1)-192.168.12.29] o.a.c.c.C.[Tomcat].[localhost].[/]       : Initializing Spring DispatcherServlet 'dispatcherServlet'
2021-10-12 13:50:08.944  INFO 17352 --- [RMI TCP Connection(1)-192.168.12.29] o.s.web.servlet.DispatcherServlet        : Initializing Servlet 'dispatcherServlet'
2021-10-12 13:50:08.949  INFO 17352 --- [RMI TCP Connection(1)-192.168.12.29] o.s.web.servlet.DispatcherServlet        : Completed initialization in 3 ms
2021-10-12 13:50:09.467  INFO 17352 --- [registrationTask1] d.c.b.a.c.r.ApplicationRegistrator       : Application registered itself as f5c1ce663a25
